Total Time:  10.4454009533
Total Time:  10.462736845
Total Time:  10.5123980045
Total Time:  10.5133321285
Total Time:  10.5640568733
Total Time:  10.6109910011
By Grid: 

Col 2: 222160.0
Col 3: 97286.0
Col 4: 39759.0
Col 1: 27304.0
Col 5: 7178.0
By Columns: 

Row C: 223906.0
Row B: 126730.0
Row D: 31013.0
Row A: 12038.0
By Rows: 

C2: 139308.0
B2: 78693.0
C3: 52749.0
B3: 26208.0
C4: 19450.0
B1: 16384.0
D4: 14555.0
D3: 13305.0
C1: 8374.0
B4: 5445.0
A3: 5024.0
A2: 4159.0
C5: 4025.0
D5: 3153.0
A1: 2546.0
A4: 309.0
Total Time:  10.6437170506
Total Time:  10.6525399685
